[1.218s] Invoking command in '/home/nvidia/ros2_catkin_ws/build/nav2_bringup_custom': CMAKE_PREFIX_PATH=${CMAKE_PREFIX_PATH}:/home/nvidia/ros2_catkin_ws/install/scout_nav2:/home/nvidia/ros2_catkin_ws/install/livox_frame_remap /usr/bin/cmake --build /home/nvidia/ros2_catkin_ws/build/nav2_bringup_custom -- -j8 -l8
[1.291s] -- Found ament_cmake: 0.9.12 (/opt/ros/foxy/share/ament_cmake/cmake)
[1.306s] -- Using PYTHON_EXECUTABLE: /usr/bin/python3
[1.545s] Traceback (most recent call last):
[1.546s]   File "/opt/ros/foxy/share/ament_cmake_core/cmake/package_templates/templates_2_cmake.py", line 21, in <module>
[1.546s]     from ament_package.templates import get_environment_hook_template_path
[1.546s] ModuleNotFoundError: No module named 'ament_package'
[1.598s] CMake Error at /opt/ros/foxy/share/ament_cmake_core/cmake/ament_cmake_package_templates-extras.cmake:41 (message):
[1.598s]   execute_process(/usr/bin/python3
[1.599s]   /opt/ros/foxy/share/ament_cmake_core/cmake/package_templates/templates_2_cmake.py
[1.599s]   /home/nvidia/ros2_catkin_ws/build/nav2_bringup_custom/ament_cmake_package_templates/templates.cmake)
[1.599s]   returned error code 1
[1.599s] Call Stack (most recent call first):
[1.600s]   /opt/ros/foxy/share/ament_cmake_core/cmake/ament_cmake_coreConfig.cmake:41 (include)
[1.601s]   /opt/ros/foxy/share/ament_cmake/cmake/ament_cmake_export_dependencies-extras.cmake:15 (find_package)
[1.601s]   /opt/ros/foxy/share/ament_cmake/cmake/ament_cmakeConfig.cmake:41 (include)
[1.602s]   CMakeLists.txt:4 (find_package)
[1.602s] 
[1.602s] 
[1.603s] -- Configuring incomplete, errors occurred!
[1.603s] See also "/home/nvidia/ros2_catkin_ws/build/nav2_bringup_custom/CMakeFiles/CMakeOutput.log".
[1.604s] make: *** [Makefile:222: cmake_check_build_system] Error 1
