[1.238s] Invoking command in '/home/nvidia/ros2_catkin_ws/build/nav2_bringup_custom': CMAKE_PREFIX_PATH=${CMAKE_PREFIX_PATH}:/home/nvidia/ros2_catkin_ws/install/scout_nav2:/home/nvidia/ros2_catkin_ws/install/livox_frame_remap /usr/bin/cmake --build /home/nvidia/ros2_catkin_ws/build/nav2_bringup_custom -- -j8 -l8
[1.312s] -- Found ament_cmake: 0.9.12 (/opt/ros/foxy/share/ament_cmake/cmake)
[1.321s] -- Using PYTHON_EXECUTABLE: /usr/bin/python3
[1.561s] Traceback (most recent call last):
[1.561s]   File "/opt/ros/foxy/share/ament_cmake_core/cmake/package_templates/templates_2_cmake.py", line 21, in <module>
[1.562s]     from ament_package.templates import get_environment_hook_template_path
[1.562s] ModuleNotFoundError: No module named 'ament_package'
[1.616s] CMake Error at /opt/ros/foxy/share/ament_cmake_core/cmake/ament_cmake_package_templates-extras.cmake:41 (message):
[1.617s]   execute_process(/usr/bin/python3
[1.617s]   /opt/ros/foxy/share/ament_cmake_core/cmake/package_templates/templates_2_cmake.py
[1.618s]   /home/nvidia/ros2_catkin_ws/build/nav2_bringup_custom/ament_cmake_package_templates/templates.cmake)
[1.618s]   returned error code 1
[1.619s] Call Stack (most recent call first):
[1.619s]   /opt/ros/foxy/share/ament_cmake_core/cmake/ament_cmake_coreConfig.cmake:41 (include)
[1.619s]   /opt/ros/foxy/share/ament_cmake/cmake/ament_cmake_export_dependencies-extras.cmake:15 (find_package)
[1.620s]   /opt/ros/foxy/share/ament_cmake/cmake/ament_cmakeConfig.cmake:41 (include)
[1.620s]   CMakeLists.txt:4 (find_package)
[1.620s] 
[1.621s] 
[1.621s] -- Configuring incomplete, errors occurred!
[1.622s] See also "/home/nvidia/ros2_catkin_ws/build/nav2_bringup_custom/CMakeFiles/CMakeOutput.log".
[1.622s] make: *** [Makefile:222: cmake_check_build_system] Error 1
